<?xml version="1.0" encoding="utf-8"?><testsuites><testsuite name="pytest" errors="0" failures="0" skipped="0" tests="14" time="0.065" timestamp="2021-03-18T19:33:46.165172" hostname="DESKTOP-IBNLG4K"><testcase classname="test_accum" name="test_accumulator_init" time="0.001" /><testcase classname="test_accum" name="test_accumulator_add_one" time="0.001" /><testcase classname="test_accum" name="test_accumulator_add_three" time="0.001" /><testcase classname="test_accum" name="test_accumulator_add_twice" time="0.001" /><testcase classname="test_accum" name="test_accumulator_cannot_set_count_directly" time="0.001" /><testcase classname="test_math" name="test_one_plus_one" time="0.001" /><testcase classname="test_math" name="test_one_plus_two" time="0.001" /><testcase classname="test_math" name="test_divide_by_zero" time="0.001" /><testcase classname="test_math" name="test_eval[2-3-6]" time="0.001" /><testcase classname="test_math" name="test_eval[1-99-99]" time="0.001" /><testcase classname="test_math" name="test_eval[0-99-0]" time="0.001" /><testcase classname="test_math" name="test_eval[3--4--12]" time="0.001" /><testcase classname="test_math" name="test_eval[-5--5-25]" time="0.001" /><testcase classname="test_math" name="test_eval[2.5-6.7-16.75]" time="0.001" /></testsuite></testsuites>